============================================================
INFERENCE RESULTS
============================================================

Timestamp: 2026-03-24 10:27:20
Checkpoint: configs/finetunev2
Dataset: datasets/line_json/Avcılar_Belediyesi
Device: cuda
FP16: False
Ignore label mode: poilabs ([35, 3, 5, 7, 8, 9, 11, 14, 15, 17, 19, 20, 21, 22, 23])
Total files: 28
Predicted files: 28
Evaluated files (with GT): 28
Skipped files (OOM): 0

------------------------------------------------------------
TIMING
------------------------------------------------------------
Total inference time: 7.15s
Average time per file: 0.2554s
Primitives (min/mean/max/std): 1 / 1070.8 / 6836 / 1996.7
Min time per file: 0.0586s
Max time per file: 1.3033s
Std time per file: 0.2956s
VRAM allocated (min/mean/max/std): 243.8 / 375.1 / 1393.4 / 311.1 MB
VRAM reserved  (min/mean/max/std): 262.0 / 405.9 / 1512.0 / 336.6 MB
VRAM physical  (min/mean/max/std): 2549.5 / 2694.4 / 3801.5 / 336.5 MB

------------------------------------------------------------
SEMANTIC SEGMENTATION
------------------------------------------------------------
mIoU:  28.955
fwIoU: 67.953
pACC:  79.436

Per-class IoU:
  single door           :  74.583
  double door           :  74.042
  sliding door          :   0.000
  revolving door        :   0.000
  window                :   0.000
  sofa                  :  69.421
  chair                 :  70.610
  table                 :  74.345
  cabinet               :  60.722
  sink                  :   6.217
  squat toilet          :   0.000
  urinal                :   0.000
  toilet                :   1.551
  stairs                :  94.701
  elevator              :   0.000
  escalator             :   0.000
  row chairs            :   0.000
  parking spot          :   0.000
  wall                  :  81.792
  curtain wall          :   0.000
  railing               :   0.060

------------------------------------------------------------
PANOPTIC SEGMENTATION
------------------------------------------------------------
PQ: 85.266  |  RQ: 95.248  |  SQ: 89.520

Thing classes:
  PQ: 84.813  |  RQ: 94.176  |  SQ: 90.057

Stuff classes:
  PQ: 86.608  |  RQ: 98.422  |  SQ: 87.997

Per-class PQ:
  single door           : PQ= 85.342  RQ= 93.392  SQ= 91.380  (TP=1067, FP=138, FN=13)
  double door           : PQ= 87.234  RQ= 98.669  SQ= 88.411  (TP=593, FP=0, FN=16)
  sliding door          : PQ=  0.000  RQ=  0.000  SQ=  0.000  (TP=0, FP=0, FN=0)
  revolving door        : PQ=  0.000  RQ=  0.000  SQ=  0.000  (TP=0, FP=0, FN=0)
  window                : PQ=  0.000  RQ=  0.000  SQ=  0.000  (TP=0, FP=0, FN=7)
  sofa                  : PQ= 88.975  RQ= 98.456  SQ= 90.370  (TP=287, FP=8, FN=1)
  chair                 : PQ= 90.285  RQ= 92.308  SQ= 97.808  (TP=318, FP=0, FN=53)
  table                 : PQ= 76.291  RQ= 92.768  SQ= 82.239  (TP=186, FP=1, FN=28)
  cabinet               : PQ= 75.253  RQ= 94.030  SQ= 80.031  (TP=189, FP=0, FN=24)
  sink                  : PQ=  0.000  RQ=  0.000  SQ=  0.000  (TP=0, FP=0, FN=31)
  squat toilet          : PQ=  0.000  RQ=  0.000  SQ=  0.000  (TP=0, FP=0, FN=0)
  urinal                : PQ=  0.000  RQ=  0.000  SQ=  0.000  (TP=0, FP=0, FN=0)
  toilet                : PQ=  0.000  RQ=  0.000  SQ=  0.000  (TP=0, FP=1, FN=16)
  stairs                : PQ= 92.697  RQ= 99.020  SQ= 93.615  (TP=101, FP=0, FN=2)
  elevator              : PQ=  0.000  RQ=  0.000  SQ=  0.000  (TP=0, FP=0, FN=0)
  escalator             : PQ=  0.000  RQ=  0.000  SQ=  0.000  (TP=0, FP=0, FN=0)
  row chairs            : PQ=  0.000  RQ=  0.000  SQ=  0.000  (TP=0, FP=0, FN=0)
  parking spot          : PQ=  0.000  RQ=  0.000  SQ=  0.000  (TP=0, FP=0, FN=0)
  wall                  : PQ= 87.770  RQ= 99.742  SQ= 87.997  (TP=967, FP=5, FN=0)
  curtain wall          : PQ=  0.000  RQ=  0.000  SQ=  0.000  (TP=0, FP=21, FN=1)
  railing               : PQ=  0.000  RQ=  0.000  SQ=  0.000  (TP=0, FP=0, FN=4)

------------------------------------------------------------
TOTAL COUNTS
------------------------------------------------------------
TP: 3708
FP: 174
FN: 196

