============================================================
INFERENCE RESULTS
============================================================

Timestamp: 2026-03-24 12:28:45
Checkpoint: configs/finetunev2
Dataset: datasets/line_json/auto_grid_batch1/AB3_Kat2
Device: cuda
FP16: False
Ignore label mode: poilabs ([35, 3, 5, 7, 8, 9, 11, 14, 15, 17, 19, 20, 21, 22, 23])
Total files: 38
Predicted files: 38
Evaluated files (with GT): 0
Skipped files (OOM): 0
Ground truth: not available — metrics not computed

------------------------------------------------------------
TIMING
------------------------------------------------------------
Total inference time: 4.13s
Average time per file: 0.1087s
Primitives (min/mean/max/std): 3 / 1506.2 / 11151 / 2102.6
Min time per file: 0.0688s
Max time per file: 1.1023s
Std time per file: 0.1656s
VRAM allocated (min/mean/max/std): 243.8 / 416.1 / 3220.3 / 522.6 MB
VRAM reserved  (min/mean/max/std): 262.0 / 458.7 / 3396.0 / 554.3 MB
VRAM physical  (min/mean/max/std): 2583.0 / 2779.7 / 5717.0 / 554.3 MB

------------------------------------------------------------
METRICS
------------------------------------------------------------

No evaluation metrics — ground truth labels not available.

