============================================================
INFERENCE RESULTS
============================================================

Timestamp: 2026-03-24 12:22:23
Checkpoint: configs/finetunev2
Dataset: datasets/line_json/auto_grid_batch1/AB3_Kat2
Device: cuda
FP16: False
Ignore label mode: poilabs ([35, 3, 5, 7, 8, 9, 11, 14, 15, 17, 19, 20, 21, 22, 23])
Total files: 38
Predicted files: 38
Evaluated files (with GT): 0
Skipped files (OOM): 0
Ground truth: not available — metrics not computed

------------------------------------------------------------
TIMING
------------------------------------------------------------
Total inference time: 4.28s
Average time per file: 0.1126s
Primitives (min/mean/max/std): 3 / 1506.2 / 11151 / 2102.6
Min time per file: 0.0675s
Max time per file: 1.2942s
Std time per file: 0.1964s
VRAM allocated (min/mean/max/std): 243.8 / 416.1 / 3220.4 / 522.6 MB
VRAM reserved  (min/mean/max/std): 262.0 / 458.6 / 3396.0 / 554.0 MB
VRAM physical  (min/mean/max/std): 2674.6 / 2871.3 / 5808.6 / 554.0 MB

------------------------------------------------------------
METRICS
------------------------------------------------------------

No evaluation metrics — ground truth labels not available.

