============================================================
INFERENCE RESULTS
============================================================

Timestamp: 2026-03-10 14:09:31
Checkpoint: configs/cp_98
Dataset: datasets/line_json/AvcılarBelediyesi
Device: cuda
FP16: False
Ignore label mode: poilabs ([35, 3, 5, 7, 8, 9, 11, 14, 15, 17, 19, 20, 21, 22, 23])
Total files: 28
Predicted files: 28
Evaluated files (with GT): 0
Skipped files (OOM): 0
Ground truth: not available — metrics not computed

------------------------------------------------------------
TIMING
------------------------------------------------------------
Total inference time: 3.59s
Average time per file: 0.1283s
Primitives (min/mean/max/std): 1 / 1070.9 / 6836 / 1996.9
Min time per file: 0.0630s
Max time per file: 1.4670s
Std time per file: 0.2585s
VRAM allocated (min/mean/max/std): 243.8 / 374.9 / 1391.6 / 310.7 MB
VRAM reserved  (min/mean/max/std): 260.0 / 405.3 / 1510.0 / 336.7 MB
VRAM physical  (min/mean/max/std): 3036.2 / 3185.5 / 4284.2 / 335.8 MB

------------------------------------------------------------
METRICS
------------------------------------------------------------

No evaluation metrics — ground truth labels not available.

