============================================================
INFERENCE RESULTS
============================================================

Timestamp: 2026-03-12 10:12:22
Checkpoint: configs/cp_98
Dataset: datasets/line_json/FinetuneV2/train
Device: cuda
FP16: False
Ignore label mode: poilabs ([35, 3, 5, 7, 8, 9, 11, 14, 15, 17, 19, 20, 21, 22, 23])
Total files: 2351
Predicted files: 2351
Evaluated files (with GT): 2351
Skipped files (OOM): 5

------------------------------------------------------------
TIMING
------------------------------------------------------------
Total inference time: 673.03s
Average time per file: 0.2863s
Primitives (min/mean/max/std): 3 / 1655.7 / 68651 / 3634.5
Min time per file: 0.0665s
Max time per file: 5.9834s
Std time per file: 0.2441s
VRAM allocated (min/mean/max/std): 244.1 / 532.7 / 22628.0 / 1387.1 MB
VRAM reserved  (min/mean/max/std): 262.0 / 568.6 / 22782.0 / 1427.6 MB
VRAM physical  (min/mean/max/std): 1258.2 / 3276.1 / 15985.5 / 1406.8 MB

------------------------------------------------------------
SEMANTIC SEGMENTATION
------------------------------------------------------------
mIoU:  49.804
fwIoU: 49.395
pACC:  54.292

Per-class IoU:
  single door           :  69.454
  double door           :  73.915
  sliding door          :  59.837
  revolving door        :   0.000
  window                :  52.371
  sofa                  :  44.143
  chair                 :  32.122
  table                 :  27.926
  cabinet               :  24.731
  sink                  :  50.986
  squat toilet          :  66.220
  urinal                :  48.507
  toilet                :  36.714
  stairs                :  71.856
  elevator              :  67.259
  escalator             :  77.445
  row chairs            :  64.065
  parking spot          :  89.273
  wall                  :  48.304
  curtain wall          :  23.031
  railing               :  17.718

------------------------------------------------------------
PANOPTIC SEGMENTATION
------------------------------------------------------------
PQ: 87.364  |  RQ: 97.110  |  SQ: 89.964

Thing classes:
  PQ: 87.104  |  RQ: 95.934  |  SQ: 90.795

Stuff classes:
  PQ: 87.718  |  RQ: 98.710  |  SQ: 88.864

Per-class PQ:
  single door           : PQ= 87.666  RQ= 97.358  SQ= 90.044  (TP=45112, FP=642, FN=1806)
  double door           : PQ= 90.909  RQ= 97.371  SQ= 93.364  (TP=26515, FP=1062, FN=370)
  sliding door          : PQ= 94.672  RQ= 97.488  SQ= 97.112  (TP=7257, FP=193, FN=181)
  revolving door        : PQ=  0.000  RQ=  0.000  SQ=  0.000  (TP=0, FP=0, FN=0)
  window                : PQ= 87.405  RQ= 95.529  SQ= 91.496  (TP=19507, FP=502, FN=1324)
  sofa                  : PQ= 77.283  RQ= 93.470  SQ= 82.682  (TP=2054, FP=126, FN=161)
  chair                 : PQ= 84.949  RQ= 95.261  SQ= 89.176  (TP=30774, FP=926, FN=2136)
  table                 : PQ= 65.706  RQ= 83.359  SQ= 78.823  (TP=4323, FP=182, FN=1544)
  cabinet               : PQ= 76.512  RQ= 88.782  SQ= 86.180  (TP=4887, FP=178, FN=1057)
  sink                  : PQ= 86.545  RQ= 93.503  SQ= 92.559  (TP=20271, FP=2205, FN=612)
  squat toilet          : PQ= 90.084  RQ= 93.058  SQ= 96.804  (TP=7661, FP=1060, FN=83)
  urinal                : PQ= 87.561  RQ= 97.872  SQ= 89.464  (TP=6624, FP=137, FN=151)
  toilet                : PQ= 85.217  RQ= 90.628  SQ= 94.029  (TP=6856, FP=945, FN=473)
  stairs                : PQ= 86.300  RQ= 98.979  SQ= 87.190  (TP=27391, FP=253, FN=312)
  elevator              : PQ= 94.367  RQ= 99.067  SQ= 95.256  (TP=12321, FP=31, FN=201)
  escalator             : PQ= 86.803  RQ= 96.869  SQ= 89.608  (TP=3558, FP=205, FN=25)
  row chairs            : PQ= 88.633  RQ= 92.407  SQ= 95.916  (TP=6590, FP=1036, FN=47)
  parking spot          : PQ= 98.070  RQ= 99.771  SQ= 98.295  (TP=21590, FP=24, FN=75)
  wall                  : PQ= 86.860  RQ= 99.314  SQ= 87.460  (TP=124517, FP=1050, FN=671)
  curtain wall          : PQ= 81.402  RQ= 96.930  SQ= 83.981  (TP=15138, FP=499, FN=460)
  railing               : PQ= 78.666  RQ= 89.087  SQ= 88.302  (TP=2400, FP=49, FN=539)

------------------------------------------------------------
TOTAL COUNTS
------------------------------------------------------------
TP: 395346
FP: 11305
FN: 12228

------------------------------------------------------------
SKIPPED FILES (OOM)
------------------------------------------------------------
  datasets/line_json/FinetuneV2/train/ABLOK_1KAT_parça1.json
  datasets/line_json/FinetuneV2/train/ABLOK_1KAT_parça4.json
  datasets/line_json/FinetuneV2/train/ABLOK_1KAT_parça6.json
  datasets/line_json/FinetuneV2/train/ABLOK_2BODRUM_parça4.json
  datasets/line_json/FinetuneV2/train/ARI_3_1Bodrum_47.Parça_predicted_editting.json
