============================================================
INFERENCE RESULTS
============================================================

Timestamp: 2026-03-05 00:54:04
Checkpoint: configs/cp_98
Dataset: datasets/line_json/ManualVsAutoV2/train/auto
Device: cuda
FP16: False
Ignore label mode: poilabs ([35, 3, 5, 7, 8, 9, 11, 14, 15, 17, 19, 20, 21, 22, 23])
Total files: 227
Predicted files: 227
Evaluated files (with GT): 227
Skipped files (OOM): 0

------------------------------------------------------------
TIMING
------------------------------------------------------------
Total inference time: 36.34s
Average time per file: 0.1601s
Primitives (min/mean/max/std): 6 / 405.6 / 1949 / 333.1
Min time per file: 0.0583s
Max time per file: 1.1398s
Std time per file: 0.1111s
VRAM allocated (min/mean/max/std): 220.1 / 231.5 / 328.8 / 13.9 MB
VRAM reserved  (min/mean/max/std): 230.0 / 243.9 / 372.0 / 18.9 MB
VRAM physical  (min/mean/max/std): 2631.0 / 2645.6 / 2773.0 / 18.8 MB

------------------------------------------------------------
SEMANTIC SEGMENTATION
------------------------------------------------------------
mIoU:  19.657
fwIoU: 47.249
pACC:  52.807

Per-class IoU:
  single door           :  59.985
  double door           :  58.336
  sliding door          :  11.415
  revolving door        :   0.000
  window                :  47.034
  sofa                  :   0.000
  chair                 :  30.888
  table                 :  13.344
  cabinet               :   0.000
  sink                  :   2.090
  squat toilet          :   0.345
  urinal                :  15.035
  toilet                :  17.319
  stairs                :  55.223
  elevator              :  18.664
  escalator             :   0.000
  row chairs            :   0.000
  parking spot          :   0.262
  wall                  :  56.699
  curtain wall          :  25.251
  railing               :   0.910

------------------------------------------------------------
PANOPTIC SEGMENTATION
------------------------------------------------------------
PQ: 72.529  |  RQ: 92.571  |  SQ: 78.350

Thing classes:
  PQ: 75.812  |  RQ: 88.935  |  SQ: 85.244

Stuff classes:
  PQ: 69.091  |  RQ: 96.380  |  SQ: 71.686

Per-class PQ:
  single door           : PQ= 85.223  RQ= 94.169  SQ= 90.500  (TP=3375, FP=62, FN=356)
  double door           : PQ= 76.267  RQ= 89.455  SQ= 85.257  (TP=1421, FP=239, FN=96)
  sliding door          : PQ=  0.000  RQ=  0.000  SQ=  0.000  (TP=0, FP=109, FN=13)
  revolving door        : PQ=  0.000  RQ=  0.000  SQ=  0.000  (TP=0, FP=0, FN=0)
  window                : PQ= 83.041  RQ= 93.578  SQ= 88.739  (TP=2011, FP=49, FN=227)
  sofa                  : PQ=  0.000  RQ=  0.000  SQ=  0.000  (TP=0, FP=0, FN=0)
  chair                 : PQ= 56.085  RQ= 71.906  SQ= 77.997  (TP=215, FP=39, FN=129)
  table                 : PQ= 20.228  RQ= 24.390  SQ= 82.935  (TP=10, FP=4, FN=58)
  cabinet               : PQ=  0.000  RQ=  0.000  SQ=  0.000  (TP=0, FP=0, FN=2)
  sink                  : PQ=  0.000  RQ=  0.000  SQ=  0.000  (TP=0, FP=134, FN=29)
  squat toilet          : PQ=  0.000  RQ=  0.000  SQ=  0.000  (TP=0, FP=280, FN=5)
  urinal                : PQ= 49.330  RQ= 59.701  SQ= 82.628  (TP=40, FP=0, FN=54)
  toilet                : PQ= 67.119  RQ= 76.351  SQ= 87.909  (TP=113, FP=0, FN=70)
  stairs                : PQ= 67.703  RQ= 95.788  SQ= 70.681  (TP=1569, FP=76, FN=62)
  elevator              : PQ= 35.774  RQ= 51.471  SQ= 69.504  (TP=35, FP=15, FN=51)
  escalator             : PQ=  0.000  RQ=  0.000  SQ=  0.000  (TP=0, FP=0, FN=28)
  row chairs            : PQ=  0.000  RQ=  0.000  SQ=  0.000  (TP=0, FP=0, FN=2)
  parking spot          : PQ=  0.000  RQ=  0.000  SQ=  0.000  (TP=0, FP=49, FN=8)
  wall                  : PQ= 69.505  RQ= 97.230  SQ= 71.485  (TP=8215, FP=369, FN=99)
  curtain wall          : PQ= 71.245  RQ= 97.252  SQ= 73.258  (TP=867, FP=0, FN=49)
  railing               : PQ= 15.748  RQ= 15.748  SQ=100.000  (TP=10, FP=0, FN=107)

------------------------------------------------------------
TOTAL COUNTS
------------------------------------------------------------
TP: 17881
FP: 1425
FN: 1445

