============================================================
INFERENCE RESULTS
============================================================

Timestamp: 2026-03-05 04:28:34
Checkpoint: configs/cp_98
Dataset: datasets/line_json/ManualVsAutoV2/train/auto
Device: cuda
FP16: False
Ignore label mode: poilabs ([35, 3, 5, 7, 8, 9, 11, 14, 15, 17, 19, 20, 21, 22, 23])
Total files: 227
Predicted files: 227
Evaluated files (with GT): 227
Skipped files (OOM): 0

------------------------------------------------------------
TIMING
------------------------------------------------------------
Total inference time: 47.18s
Average time per file: 0.2079s
Primitives (min/mean/max/std): 6 / 405.6 / 1949 / 333.1
Min time per file: 0.0766s
Max time per file: 1.4405s
Std time per file: 0.1406s
VRAM allocated (min/mean/max/std): 243.9 / 257.5 / 351.6 / 13.7 MB
VRAM reserved  (min/mean/max/std): 262.0 / 274.0 / 390.0 / 16.4 MB
VRAM physical  (min/mean/max/std): 3275.0 / 3287.9 / 3403.0 / 16.4 MB

------------------------------------------------------------
SEMANTIC SEGMENTATION
------------------------------------------------------------
mIoU:  19.666
fwIoU: 47.071
pACC:  52.624

Per-class IoU:
  single door           :  59.695
  double door           :  57.822
  sliding door          :  12.165
  revolving door        :   0.000
  window                :  46.742
  sofa                  :   0.000
  chair                 :  32.490
  table                 :  13.201
  cabinet               :   0.000
  sink                  :   2.570
  squat toilet          :   0.291
  urinal                :  13.942
  toilet                :  16.427
  stairs                :  54.895
  elevator              :  19.262
  escalator             :   0.000
  row chairs            :   0.000
  parking spot          :   0.231
  wall                  :  56.408
  curtain wall          :  25.941
  railing               :   0.910

------------------------------------------------------------
PANOPTIC SEGMENTATION
------------------------------------------------------------
PQ: 72.490  |  RQ: 92.482  |  SQ: 78.383

Thing classes:
  PQ: 75.756  |  RQ: 88.743  |  SQ: 85.366

Stuff classes:
  PQ: 69.069  |  RQ: 96.399  |  SQ: 71.649

Per-class PQ:
  single door           : PQ= 85.015  RQ= 93.912  SQ= 90.526  (TP=3355, FP=76, FN=359)
  double door           : PQ= 77.173  RQ= 90.095  SQ= 85.656  (TP=1369, FP=203, FN=98)
  sliding door          : PQ=  0.000  RQ=  0.000  SQ=  0.000  (TP=0, FP=112, FN=13)
  revolving door        : PQ=  0.000  RQ=  0.000  SQ=  0.000  (TP=0, FP=0, FN=0)
  window                : PQ= 82.756  RQ= 93.767  SQ= 88.257  (TP=2031, FP=47, FN=223)
  sofa                  : PQ=  0.000  RQ=  0.000  SQ=  0.000  (TP=0, FP=0, FN=0)
  chair                 : PQ= 60.579  RQ= 77.250  SQ= 78.419  (TP=236, FP=16, FN=123)
  table                 : PQ= 20.601  RQ= 25.882  SQ= 79.595  (TP=11, FP=5, FN=58)
  cabinet               : PQ=  0.000  RQ=  0.000  SQ=  0.000  (TP=0, FP=0, FN=2)
  sink                  : PQ=  0.000  RQ=  0.000  SQ=  0.000  (TP=0, FP=171, FN=29)
  squat toilet          : PQ=  0.000  RQ=  0.000  SQ=  0.000  (TP=0, FP=326, FN=5)
  urinal                : PQ= 45.142  RQ= 62.500  SQ= 72.228  (TP=45, FP=0, FN=54)
  toilet                : PQ= 69.510  RQ= 74.074  SQ= 93.839  (TP=100, FP=0, FN=70)
  stairs                : PQ= 68.203  RQ= 95.749  SQ= 71.231  (TP=1509, FP=72, FN=62)
  elevator              : PQ= 40.686  RQ= 60.993  SQ= 66.706  (TP=43, FP=4, FN=51)
  escalator             : PQ=  0.000  RQ=  0.000  SQ=  0.000  (TP=0, FP=0, FN=28)
  row chairs            : PQ=  0.000  RQ=  0.000  SQ=  0.000  (TP=0, FP=0, FN=2)
  parking spot          : PQ=  0.000  RQ=  0.000  SQ=  0.000  (TP=0, FP=45, FN=8)
  wall                  : PQ= 69.305  RQ= 97.244  SQ= 71.270  (TP=8168, FP=364, FN=99)
  curtain wall          : PQ= 72.967  RQ= 97.186  SQ= 75.080  (TP=846, FP=0, FN=49)
  railing               : PQ= 11.570  RQ= 11.570  SQ=100.000  (TP=7, FP=0, FN=107)

------------------------------------------------------------
TOTAL COUNTS
------------------------------------------------------------
TP: 17720
FP: 1441
FN: 1440

