============================================================
INFERENCE RESULTS
============================================================

Timestamp: 2026-03-24 12:22:51
Checkpoint: configs/finetunev2
Dataset: datasets/line_json/auto_grid_batch1/AB3_zeminkat
Device: cuda
FP16: False
Ignore label mode: poilabs ([35, 3, 5, 7, 8, 9, 11, 14, 15, 17, 19, 20, 21, 22, 23])
Total files: 43
Predicted files: 43
Evaluated files (with GT): 0
Skipped files (OOM): 0
Ground truth: not available — metrics not computed

------------------------------------------------------------
TIMING
------------------------------------------------------------
Total inference time: 4.44s
Average time per file: 0.1033s
Primitives (min/mean/max/std): 20 / 311.3 / 1941 / 404.3
Min time per file: 0.0712s
Max time per file: 1.0385s
Std time per file: 0.1447s
VRAM allocated (min/mean/max/std): 245.3 / 255.6 / 351.9 / 18.6 MB
VRAM reserved  (min/mean/max/std): 264.0 / 273.9 / 390.0 / 22.5 MB
VRAM physical  (min/mean/max/std): 2677.3 / 2710.1 / 2852.8 / 33.1 MB

------------------------------------------------------------
METRICS
------------------------------------------------------------

No evaluation metrics — ground truth labels not available.

