============================================================
INFERENCE RESULTS
============================================================

Timestamp: 2026-03-10 11:02:09
Checkpoint: configs/cp_98
Dataset: datasets/line_json/AB2
Device: cuda
FP16: False
Ignore label mode: poilabs ([35, 3, 5, 7, 8, 9, 11, 14, 15, 17, 19, 20, 21, 22, 23])
Total files: 123
Predicted files: 123
Evaluated files (with GT): 0
Skipped files (OOM): 0
Ground truth: not available — metrics not computed

------------------------------------------------------------
TIMING
------------------------------------------------------------
Total inference time: 11.47s
Average time per file: 0.0933s
Primitives (min/mean/max/std): 29 / 2440.5 / 8578 / 1873.3
Min time per file: 0.0635s
Max time per file: 1.0007s
Std time per file: 0.0853s
VRAM allocated (min/mean/max/std): 243.8 / 491.4 / 2035.4 / 330.9 MB
VRAM reserved  (min/mean/max/std): 260.0 / 539.2 / 2240.0 / 366.3 MB
VRAM physical  (min/mean/max/std): 2197.7 / 2478.4 / 4175.7 / 366.2 MB

------------------------------------------------------------
METRICS
------------------------------------------------------------

No evaluation metrics — ground truth labels not available.

