============================================================
INFERENCE RESULTS
============================================================

Timestamp: 2026-03-24 12:27:31
Checkpoint: configs/finetunev2
Dataset: datasets/line_json/auto_grid_batch1/AB3_bodrumkat
Device: cuda
FP16: False
Ignore label mode: poilabs ([35, 3, 5, 7, 8, 9, 11, 14, 15, 17, 19, 20, 21, 22, 23])
Total files: 27
Predicted files: 27
Evaluated files (with GT): 0
Skipped files (OOM): 0
Ground truth: not available — metrics not computed

------------------------------------------------------------
TIMING
------------------------------------------------------------
Total inference time: 3.01s
Average time per file: 0.1114s
Primitives (min/mean/max/std): 36 / 172.7 / 471 / 135.2
Min time per file: 0.0676s
Max time per file: 1.0513s
Std time per file: 0.1844s
VRAM allocated (min/mean/max/std): 245.5 / 249.2 / 256.6 / 3.1 MB
VRAM reserved  (min/mean/max/std): 264.0 / 265.6 / 270.0 / 1.7 MB
VRAM physical  (min/mean/max/std): 2619.2 / 2624.0 / 2635.8 / 5.0 MB

------------------------------------------------------------
METRICS
------------------------------------------------------------

No evaluation metrics — ground truth labels not available.

