============================================================
INFERENCE RESULTS
============================================================

Timestamp: 2026-03-24 12:33:13
Checkpoint: configs/finetunev2
Dataset: datasets/line_json/auto_grid_batch1/AB3_Kat1
Device: cuda
FP16: False
Ignore label mode: poilabs ([35, 3, 5, 7, 8, 9, 11, 14, 15, 17, 19, 20, 21, 22, 23])
Total files: 41
Predicted files: 41
Evaluated files (with GT): 0
Skipped files (OOM): 0
Ground truth: not available — metrics not computed

------------------------------------------------------------
TIMING
------------------------------------------------------------
Total inference time: 5.50s
Average time per file: 0.1342s
Primitives (min/mean/max/std): 10 / 2176.1 / 23586 / 4853.8
Min time per file: 0.0668s
Max time per file: 1.0674s
Std time per file: 0.1997s
VRAM allocated (min/mean/max/std): 243.6 / 919.6 / 13243.4 / 2584.2 MB
VRAM reserved  (min/mean/max/std): 262.0 / 969.3 / 13628.0 / 2658.0 MB
VRAM physical  (min/mean/max/std): 2282.9 / 3318.6 / 16023.1 / 2663.8 MB

------------------------------------------------------------
METRICS
------------------------------------------------------------

No evaluation metrics — ground truth labels not available.

