============================================================
INFERENCE RESULTS
============================================================

Timestamp: 2026-03-24 12:28:03
Checkpoint: configs/finetunev2
Dataset: datasets/line_json/auto_grid_batch1/AB3_Kat1
Device: cuda
FP16: False
Ignore label mode: poilabs ([35, 3, 5, 7, 8, 9, 11, 14, 15, 17, 19, 20, 21, 22, 23])
Total files: 40
Predicted files: 40
Evaluated files (with GT): 0
Skipped files (OOM): 1
Ground truth: not available — metrics not computed

------------------------------------------------------------
TIMING
------------------------------------------------------------
Total inference time: 5.49s
Average time per file: 0.1372s
Primitives (min/mean/max/std): 12 / 2230.3 / 23586 / 4901.8
Min time per file: 0.0703s
Max time per file: 1.0692s
Std time per file: 0.2003s
VRAM allocated (min/mean/max/std): 246.3 / 936.6 / 13243.4 / 2614.0 MB
VRAM reserved  (min/mean/max/std): 264.0 / 987.1 / 13628.0 / 2688.6 MB
VRAM physical  (min/mean/max/std): 2209.6 / 3196.0 / 15952.0 / 2673.4 MB

------------------------------------------------------------
METRICS
------------------------------------------------------------

No evaluation metrics — ground truth labels not available.

------------------------------------------------------------
SKIPPED FILES (OOM)
------------------------------------------------------------
  batch_38_too_few_primitives
