============================================================
INFERENCE RESULTS
============================================================

Timestamp: 2026-03-24 10:24:24
Checkpoint: configs/cp_98
Dataset: datasets/line_json/Avcılar_Belediyesi
Device: cuda
FP16: False
Ignore label mode: poilabs ([35, 3, 5, 7, 8, 9, 11, 14, 15, 17, 19, 20, 21, 22, 23])
Total files: 28
Predicted files: 28
Evaluated files (with GT): 28
Skipped files (OOM): 0

------------------------------------------------------------
TIMING
------------------------------------------------------------
Total inference time: 6.66s
Average time per file: 0.2380s
Primitives (min/mean/max/std): 1 / 1070.8 / 6836 / 1996.7
Min time per file: 0.0595s
Max time per file: 1.3943s
Std time per file: 0.3077s
VRAM allocated (min/mean/max/std): 243.8 / 375.1 / 1392.7 / 311.0 MB
VRAM reserved  (min/mean/max/std): 260.0 / 405.7 / 1512.0 / 336.7 MB
VRAM physical  (min/mean/max/std): 2645.5 / 2790.2 / 3897.5 / 336.5 MB

------------------------------------------------------------
SEMANTIC SEGMENTATION
------------------------------------------------------------
mIoU:  21.895
fwIoU: 46.718
pACC:  53.895

Per-class IoU:
  single door           :  77.084
  double door           :  57.587
  sliding door          :   0.000
  revolving door        :   0.000
  window                :   0.000
  sofa                  :  40.764
  chair                 :  58.700
  table                 :  49.949
  cabinet               :  68.870
  sink                  :   0.047
  squat toilet          :   0.000
  urinal                :   0.000
  toilet                :   0.000
  stairs                :  57.228
  elevator              :   0.000
  escalator             :   0.000
  row chairs            :   0.000
  parking spot          :   0.000
  wall                  :  49.364
  curtain wall          :   0.197
  railing               :   0.000

------------------------------------------------------------
PANOPTIC SEGMENTATION
------------------------------------------------------------
PQ: 89.379  |  RQ: 94.983  |  SQ: 94.099

Thing classes:
  PQ: 90.036  |  RQ: 95.358  |  SQ: 94.419

Stuff classes:
  PQ: 62.674  |  RQ: 79.747  |  SQ: 78.591

Per-class PQ:
  single door           : PQ= 91.598  RQ= 98.811  SQ= 92.700  (TP=748, FP=5, FN=13)
  double door           : PQ= 86.929  RQ= 97.788  SQ= 88.895  (TP=420, FP=0, FN=19)
  sliding door          : PQ=  0.000  RQ=  0.000  SQ=  0.000  (TP=0, FP=0, FN=0)
  revolving door        : PQ=  0.000  RQ=  0.000  SQ=  0.000  (TP=0, FP=0, FN=0)
  window                : PQ=  0.000  RQ=  0.000  SQ=  0.000  (TP=0, FP=0, FN=7)
  sofa                  : PQ= 66.880  RQ= 77.966  SQ= 85.781  (TP=23, FP=0, FN=13)
  chair                 : PQ= 94.650  RQ= 96.831  SQ= 97.748  (TP=1604, FP=101, FN=4)
  table                 : PQ= 67.643  RQ= 81.081  SQ= 83.427  (TP=90, FP=1, FN=41)
  cabinet               : PQ= 66.852  RQ= 79.227  SQ= 84.380  (TP=82, FP=6, FN=37)
  sink                  : PQ=  0.000  RQ=  0.000  SQ=  0.000  (TP=0, FP=0, FN=31)
  squat toilet          : PQ=  0.000  RQ=  0.000  SQ=  0.000  (TP=0, FP=0, FN=0)
  urinal                : PQ=  0.000  RQ=  0.000  SQ=  0.000  (TP=0, FP=0, FN=0)
  toilet                : PQ=  0.000  RQ=  0.000  SQ=  0.000  (TP=0, FP=0, FN=16)
  stairs                : PQ= 95.327  RQ= 97.917  SQ= 97.355  (TP=94, FP=0, FN=4)
  elevator              : PQ=  0.000  RQ=  0.000  SQ=  0.000  (TP=0, FP=0, FN=0)
  escalator             : PQ=  0.000  RQ=  0.000  SQ=  0.000  (TP=0, FP=0, FN=0)
  row chairs            : PQ=  0.000  RQ=  0.000  SQ=  0.000  (TP=0, FP=0, FN=0)
  parking spot          : PQ=  0.000  RQ=  0.000  SQ=  0.000  (TP=0, FP=0, FN=0)
  wall                  : PQ= 68.767  RQ= 87.500  SQ= 78.591  (TP=63, FP=5, FN=13)
  curtain wall          : PQ=  0.000  RQ=  0.000  SQ=  0.000  (TP=0, FP=9, FN=1)
  railing               : PQ=  0.000  RQ=  0.000  SQ=  0.000  (TP=0, FP=0, FN=4)

------------------------------------------------------------
TOTAL COUNTS
------------------------------------------------------------
TP: 3124
FP: 127
FN: 203

