============================================================
VECFORMER INFERENCE RESULTS
============================================================

Timestamp: 20260212_090816
Checkpoint: configs/cp_98
Dataset: datasets/ARI3-sampled-as-line-jsons
Device: cuda
FP16: False
Ignore mode: poilabs ([35, 3, 5, 7, 8, 9, 11, 14, 15, 17, 19, 20, 21, 22, 23])
Ground truth: not available — metrics not computed

------------------------------------------------------------
TIMING
------------------------------------------------------------
Total samples: 182
Total inference time: 14.55s
Average time per sample: 0.0800s
Primitives (min/mean/max/std): 9 / 1695.4 / 39625 / 3734.8
Min time per sample: 0.0566s
Max time per sample: 1.3697s
Std time per sample: 0.1045s
VRAM allocated (min/mean/max/std): 220.6 / 427.8 / 6184.7 / 778.6 MB
VRAM reserved  (min/mean/max/std): 232.0 / 458.4 / 6486.0 / 815.9 MB
VRAM physical  (min/mean/max/std): 1458.8 / 2047.7 / 8088.9 / 826.0 MB

------------------------------------------------------------
METRICS
------------------------------------------------------------

No evaluation metrics — ground truth labels not available.

------------------------------------------------------------
SKIPPED FILES (OOM)
------------------------------------------------------------
  datasets/ARI3-sampled-as-line-jsons/ARI 3_1Bodrum_47.Parça.json
